<?xml version="1.0" encoding="UTF-8"?>
<testsuite xmlns:xsi="http://www.w3.org/2001/XMLSchema-instance" xsi:noNamespaceSchemaLocation="https://maven.apache.org/surefire/maven-surefire-plugin/xsd/surefire-test-report.xsd" name="rest.service.logic.UserServiceLogicTest" time="6.905" tests="2" errors="0" skipped="0" failures="0">
  <properties>
[...]
</properties>
  <testcase name="registerTest" classname="rest.service.logic.UserServiceLogicTest" time="2.442"/>
  <testcase name="find" classname="rest.service.logic.UserServiceLogicTest" time="0.003"/>
</testsuite>